<?xml version="1.0" encoding="UTF-8"?>
<!-- Generated by org.testng.reporters.JUnitReportReporter -->
<testsuite hostname="MORGAN-QA7L" failures="0" tests="1" name="com.qa.opencart.tests.GettingStartedTest" time="14.252" errors="0" timestamp="2023-08-16T15:21:15 IST" skipped="0">
  <testcase classname="com.qa.opencart.tests.GettingStartedTest" name="TC1" time="14.252"/>
</testsuite> <!-- com.qa.opencart.tests.GettingStartedTest -->
